2021-03-27 13:00:31,060 [main] INFO nopCommerce-BDD - opening nopCommerce website.......
2021-03-27 13:00:55,402 [main] INFO nopCommerce-BDD - New customer added.......
2021-03-27 13:00:55,669 [main] INFO nopCommerce-BDD - Logging out of the application. Good Bye.......
2021-03-27 13:01:01,401 [main] INFO nopCommerce-BDD - opening nopCommerce website.......
2021-03-27 13:01:13,407 [main] INFO nopCommerce-BDD - Customer email Search was successful.......
2021-03-27 13:01:13,408 [main] INFO nopCommerce-BDD - Logging out of the application. Good Bye.......
2021-03-27 13:01:19,067 [main] INFO nopCommerce-BDD - opening nopCommerce website.......
2021-03-27 13:01:29,956 [main] INFO nopCommerce-BDD - Customer fname and lname Search was successful.......
2021-03-27 13:01:29,957 [main] INFO nopCommerce-BDD - Logging out of the application. Good Bye.......
2021-03-27 14:27:08,445 [main] INFO nopCommerce-BDD - Chrome Browser is used....
2021-03-27 14:27:08,485 [main] INFO nopCommerce-BDD - opening nopCommerce website.......
2021-03-27 14:27:32,315 [main] INFO nopCommerce-BDD - New customer added.......
2021-03-27 14:27:32,547 [main] INFO nopCommerce-BDD - Logging out of the application. Good Bye.......
2021-03-27 14:27:38,357 [main] INFO nopCommerce-BDD - Chrome Browser is used....
2021-03-27 14:27:38,359 [main] INFO nopCommerce-BDD - opening nopCommerce website.......
2021-03-27 14:27:49,915 [main] INFO nopCommerce-BDD - Customer email Search was successful.......
2021-03-27 14:27:49,916 [main] INFO nopCommerce-BDD - Logging out of the application. Good Bye.......
2021-03-27 14:27:55,980 [main] INFO nopCommerce-BDD - Chrome Browser is used....
2021-03-27 14:27:55,981 [main] INFO nopCommerce-BDD - opening nopCommerce website.......
2021-03-27 14:28:07,904 [main] INFO nopCommerce-BDD - Customer fname and lname Search was successful.......
2021-03-27 14:28:07,905 [main] INFO nopCommerce-BDD - Logging out of the application. Good Bye.......
2021-03-27 14:29:51,956 [main] INFO nopCommerce-BDD - Edge Browser is used....
2021-03-27 14:29:52,011 [main] INFO nopCommerce-BDD - opening nopCommerce website.......
2021-03-27 14:30:15,817 [main] INFO nopCommerce-BDD - New customer added.......
2021-03-27 14:30:16,058 [main] INFO nopCommerce-BDD - Logging out of the application. Good Bye.......
2021-03-27 14:30:21,959 [main] INFO nopCommerce-BDD - Edge Browser is used....
2021-03-27 14:30:21,962 [main] INFO nopCommerce-BDD - opening nopCommerce website.......
2021-03-27 14:30:32,815 [main] INFO nopCommerce-BDD - Customer email Search was successful.......
2021-03-27 14:30:32,816 [main] INFO nopCommerce-BDD - Logging out of the application. Good Bye.......
2021-03-27 14:30:38,648 [main] INFO nopCommerce-BDD - Edge Browser is used....
2021-03-27 14:30:38,649 [main] INFO nopCommerce-BDD - opening nopCommerce website.......
2021-03-27 14:30:51,171 [main] INFO nopCommerce-BDD - Customer fname and lname Search was successful.......
2021-03-27 14:30:51,171 [main] INFO nopCommerce-BDD - Logging out of the application. Good Bye.......
2021-03-27 14:42:43,247 [main] INFO nopCommerce-BDD - Edge Browser is used....
2021-03-27 14:42:43,293 [main] INFO nopCommerce-BDD - opening nopCommerce website.......
2021-03-27 14:43:07,371 [main] INFO nopCommerce-BDD - New customer added.......
2021-03-27 14:43:07,594 [main] INFO nopCommerce-BDD - Logging out of the application. Good Bye.......
2021-03-27 14:43:13,473 [main] INFO nopCommerce-BDD - Edge Browser is used....
2021-03-27 14:43:13,476 [main] INFO nopCommerce-BDD - opening nopCommerce website.......
2021-03-27 14:43:26,051 [main] INFO nopCommerce-BDD - Customer email Search was successful.......
2021-03-27 14:43:26,052 [main] INFO nopCommerce-BDD - Logging out of the application. Good Bye.......
2021-03-27 14:43:31,804 [main] INFO nopCommerce-BDD - Edge Browser is used....
2021-03-27 14:43:31,806 [main] INFO nopCommerce-BDD - opening nopCommerce website.......
2021-03-27 14:43:45,133 [main] INFO nopCommerce-BDD - Customer fname and lname Search was successful.......
2021-03-27 14:43:45,134 [main] INFO nopCommerce-BDD - Logging out of the application. Good Bye.......
2021-03-27 19:35:13,679 [main] INFO nopCommerce-BDD - Edge Browser is used....
2021-03-27 19:35:13,718 [main] INFO nopCommerce-BDD - opening nopCommerce website.......
2021-03-27 19:35:41,606 [main] INFO nopCommerce-BDD - New customer added.......
2021-03-27 19:35:41,796 [main] INFO nopCommerce-BDD - Logging out of the application. Good Bye.......
2021-03-27 19:37:41,536 [main] INFO nopCommerce-BDD - Edge Browser is used....
2021-03-27 19:37:41,588 [main] INFO nopCommerce-BDD - opening nopCommerce website.......
2021-03-27 19:38:05,207 [main] INFO nopCommerce-BDD - New customer added.......
2021-03-27 19:38:05,483 [main] INFO nopCommerce-BDD - Logging out of the application. Good Bye.......
2021-03-27 19:38:11,416 [main] INFO nopCommerce-BDD - Edge Browser is used....
2021-03-27 19:38:11,418 [main] INFO nopCommerce-BDD - opening nopCommerce website.......
2021-03-27 19:38:18,303 [main] INFO nopCommerce-BDD - Login Successful. Welcome to nopCommercer Site!
2021-03-27 19:38:18,309 [main] INFO nopCommerce-BDD - Logging out of the application. Good Bye.......
2021-03-27 19:52:41,129 [main] INFO nopCommerce-BDD - Edge Browser is used....
2021-03-27 19:52:41,178 [main] INFO nopCommerce-BDD - opening nopCommerce website.......
2021-03-27 19:52:54,295 [main] INFO nopCommerce-BDD - Customer email Search was successful.......
2021-03-27 19:52:54,296 [main] INFO nopCommerce-BDD - Logging out of the application. Good Bye.......
2021-03-27 19:53:00,566 [main] INFO nopCommerce-BDD - Edge Browser is used....
2021-03-27 19:53:00,568 [main] INFO nopCommerce-BDD - opening nopCommerce website.......
2021-03-27 19:53:13,065 [main] INFO nopCommerce-BDD - Customer fname and lname Search was successful.......
2021-03-27 19:53:13,066 [main] INFO nopCommerce-BDD - Logging out of the application. Good Bye.......
2021-03-27 19:53:18,871 [main] INFO nopCommerce-BDD - Edge Browser is used....
2021-03-27 19:53:18,872 [main] INFO nopCommerce-BDD - opening nopCommerce website.......
2021-03-27 19:53:26,219 [main] INFO nopCommerce-BDD - Login Successful. Welcome to nopCommercer Site!
2021-03-27 19:53:26,251 [main] INFO nopCommerce-BDD - Logging out of the application. Good Bye.......
2021-03-27 19:53:32,367 [main] INFO nopCommerce-BDD - Edge Browser is used....
2021-03-27 19:53:32,369 [main] INFO nopCommerce-BDD - opening nopCommerce website.......
2021-03-27 19:53:37,295 [main] INFO nopCommerce-BDD - Wrong credentials. Login Failed. Please Try again.......
2021-03-27 19:53:38,642 [main] INFO nopCommerce-BDD - Edge Browser is used....
2021-03-27 19:53:38,644 [main] INFO nopCommerce-BDD - opening nopCommerce website.......
2021-03-27 19:53:45,191 [main] INFO nopCommerce-BDD - Login Successful. Welcome to nopCommercer Site!
2021-03-27 19:53:45,196 [main] INFO nopCommerce-BDD - Logging out of the application. Good Bye.......
2021-03-27 20:03:52,123 [main] INFO nopCommerce-BDD - Edge Browser is used....
2021-03-27 20:03:52,169 [main] INFO nopCommerce-BDD - opening nopCommerce website.......
2021-03-27 20:04:52,940 [main] INFO nopCommerce-BDD - New customer added.......
2021-03-27 20:04:53,181 [main] INFO nopCommerce-BDD - Logging out of the application. Good Bye.......
2021-03-27 20:04:59,176 [main] INFO nopCommerce-BDD - Edge Browser is used....
2021-03-27 20:04:59,178 [main] INFO nopCommerce-BDD - opening nopCommerce website.......
2021-03-27 20:05:07,330 [main] INFO nopCommerce-BDD - Login Successful. Welcome to nopCommercer Site!
2021-03-27 20:05:07,338 [main] INFO nopCommerce-BDD - Logging out of the application. Good Bye.......
2021-03-27 20:21:20,395 [main] INFO nopCommerce-BDD - Edge Browser is used....
2021-03-27 20:21:20,435 [main] INFO nopCommerce-BDD - opening nopCommerce website.......
2021-03-27 20:22:19,865 [main] INFO nopCommerce-BDD - New customer added.......
2021-03-27 20:22:20,216 [main] INFO nopCommerce-BDD - Logging out of the application. Good Bye.......
2021-03-27 20:22:26,341 [main] INFO nopCommerce-BDD - Edge Browser is used....
2021-03-27 20:22:26,345 [main] INFO nopCommerce-BDD - opening nopCommerce website.......
2021-03-27 20:22:38,506 [main] INFO nopCommerce-BDD - Customer email Search was successful.......
2021-03-27 20:22:38,507 [main] INFO nopCommerce-BDD - Logging out of the application. Good Bye.......
2021-03-27 20:22:44,524 [main] INFO nopCommerce-BDD - Edge Browser is used....
2021-03-27 20:22:44,525 [main] INFO nopCommerce-BDD - opening nopCommerce website.......
2021-03-27 20:22:55,515 [main] INFO nopCommerce-BDD - Customer fname and lname Search was successful.......
2021-03-27 20:22:55,515 [main] INFO nopCommerce-BDD - Logging out of the application. Good Bye.......
2021-03-27 20:23:01,276 [main] INFO nopCommerce-BDD - Edge Browser is used....
2021-03-27 20:23:01,278 [main] INFO nopCommerce-BDD - opening nopCommerce website.......
2021-03-27 20:23:08,852 [main] INFO nopCommerce-BDD - Login Successful. Welcome to nopCommercer Site!
2021-03-27 20:23:08,859 [main] INFO nopCommerce-BDD - Logging out of the application. Good Bye.......
2021-03-27 20:23:15,264 [main] INFO nopCommerce-BDD - Edge Browser is used....
2021-03-27 20:23:15,264 [main] INFO nopCommerce-BDD - opening nopCommerce website.......
2021-03-27 20:23:22,886 [main] INFO nopCommerce-BDD - Login Successful. Welcome to nopCommercer Site!
2021-03-27 20:23:23,030 [main] INFO nopCommerce-BDD - Logging out of the application. Good Bye.......
2021-03-27 20:23:29,192 [main] INFO nopCommerce-BDD - Edge Browser is used....
2021-03-27 20:23:29,193 [main] INFO nopCommerce-BDD - opening nopCommerce website.......
2021-03-27 20:23:34,066 [main] INFO nopCommerce-BDD - Wrong credentials. Login Failed. Please Try again.......
2021-03-27 20:23:35,661 [main] INFO nopCommerce-BDD - Edge Browser is used....
2021-03-27 20:23:35,661 [main] INFO nopCommerce-BDD - opening nopCommerce website.......
2021-03-27 20:23:42,333 [main] INFO nopCommerce-BDD - Login Successful. Welcome to nopCommercer Site!
2021-03-27 20:23:42,339 [main] INFO nopCommerce-BDD - Logging out of the application. Good Bye.......
2021-03-27 20:39:15,244 [main] INFO nopCommerce-BDD - Edge Browser is used....
2021-03-27 20:39:15,283 [main] INFO nopCommerce-BDD - opening nopCommerce website.......
2021-03-27 20:39:41,540 [main] INFO nopCommerce-BDD - New customer added.......
2021-03-27 20:39:41,771 [main] INFO nopCommerce-BDD - Logging out of the application. Good Bye.......
2021-03-27 20:39:47,711 [main] INFO nopCommerce-BDD - Edge Browser is used....
2021-03-27 20:39:47,714 [main] INFO nopCommerce-BDD - opening nopCommerce website.......
2021-03-27 20:39:58,657 [main] INFO nopCommerce-BDD - Customer email Search was successful.......
2021-03-27 20:39:58,658 [main] INFO nopCommerce-BDD - Logging out of the application. Good Bye.......
2021-03-27 20:40:04,535 [main] INFO nopCommerce-BDD - Edge Browser is used....
2021-03-27 20:40:04,536 [main] INFO nopCommerce-BDD - opening nopCommerce website.......
2021-03-27 20:40:17,222 [main] INFO nopCommerce-BDD - Customer fname and lname Search was successful.......
2021-03-27 20:40:17,223 [main] INFO nopCommerce-BDD - Logging out of the application. Good Bye.......
2021-03-27 20:40:23,069 [main] INFO nopCommerce-BDD - Edge Browser is used....
2021-03-27 20:40:23,070 [main] INFO nopCommerce-BDD - opening nopCommerce website.......
2021-03-27 20:40:30,683 [main] INFO nopCommerce-BDD - Login Successful. Welcome to nopCommercer Site!
2021-03-27 20:40:30,688 [main] INFO nopCommerce-BDD - Logging out of the application. Good Bye.......
2021-03-27 20:40:36,464 [main] INFO nopCommerce-BDD - Edge Browser is used....
2021-03-27 20:40:36,466 [main] INFO nopCommerce-BDD - opening nopCommerce website.......
2021-03-27 20:40:44,451 [main] INFO nopCommerce-BDD - Login Successful. Welcome to nopCommercer Site!
2021-03-27 20:40:44,459 [main] INFO nopCommerce-BDD - Logging out of the application. Good Bye.......
2021-03-27 20:40:50,110 [main] INFO nopCommerce-BDD - Edge Browser is used....
2021-03-27 20:40:50,110 [main] INFO nopCommerce-BDD - opening nopCommerce website.......
2021-03-27 20:40:55,095 [main] INFO nopCommerce-BDD - Wrong credentials. Login Failed. Please Try again.......
2021-03-27 20:40:56,442 [main] INFO nopCommerce-BDD - Edge Browser is used....
2021-03-27 20:40:56,443 [main] INFO nopCommerce-BDD - opening nopCommerce website.......
2021-03-27 20:41:03,845 [main] INFO nopCommerce-BDD - Login Successful. Welcome to nopCommercer Site!
2021-03-27 20:41:03,850 [main] INFO nopCommerce-BDD - Logging out of the application. Good Bye.......
2021-03-28 11:25:05,009 [main] INFO nopCommerce-BDD - Edge Browser is used....
2021-03-28 11:25:05,067 [main] INFO nopCommerce-BDD - opening nopCommerce website.......
2021-03-28 11:25:29,358 [main] INFO nopCommerce-BDD - New customer added.......
2021-03-28 11:25:29,560 [main] INFO nopCommerce-BDD - Logging out of the application. Good Bye.......
2021-03-28 11:25:35,727 [main] INFO nopCommerce-BDD - Edge Browser is used....
2021-03-28 11:25:35,730 [main] INFO nopCommerce-BDD - opening nopCommerce website.......
2021-03-28 11:25:47,891 [main] INFO nopCommerce-BDD - Customer email Search was successful.......
2021-03-28 11:25:47,892 [main] INFO nopCommerce-BDD - Logging out of the application. Good Bye.......
2021-03-28 11:25:54,057 [main] INFO nopCommerce-BDD - Edge Browser is used....
2021-03-28 11:25:54,058 [main] INFO nopCommerce-BDD - opening nopCommerce website.......
2021-03-28 11:26:04,939 [main] INFO nopCommerce-BDD - Customer fname and lname Search was successful.......
2021-03-28 11:26:04,940 [main] INFO nopCommerce-BDD - Logging out of the application. Good Bye.......
2021-03-28 11:26:10,636 [main] INFO nopCommerce-BDD - Edge Browser is used....
2021-03-28 11:26:10,637 [main] INFO nopCommerce-BDD - opening nopCommerce website.......
2021-03-28 11:26:18,584 [main] INFO nopCommerce-BDD - Login Successful. Welcome to nopCommercer Site!
2021-03-28 11:26:18,591 [main] INFO nopCommerce-BDD - Logging out of the application. Good Bye.......
2021-03-28 11:26:24,674 [main] INFO nopCommerce-BDD - Edge Browser is used....
2021-03-28 11:26:24,675 [main] INFO nopCommerce-BDD - opening nopCommerce website.......
2021-03-28 11:26:34,159 [main] INFO nopCommerce-BDD - Login Successful. Welcome to nopCommercer Site!
2021-03-28 11:26:34,163 [main] INFO nopCommerce-BDD - Logging out of the application. Good Bye.......
2021-03-28 11:26:39,931 [main] INFO nopCommerce-BDD - Edge Browser is used....
2021-03-28 11:26:39,932 [main] INFO nopCommerce-BDD - opening nopCommerce website.......
2021-03-28 11:26:44,838 [main] INFO nopCommerce-BDD - Wrong credentials. Login Failed. Please Try again.......
2021-03-28 11:26:46,178 [main] INFO nopCommerce-BDD - Edge Browser is used....
2021-03-28 11:26:46,179 [main] INFO nopCommerce-BDD - opening nopCommerce website.......
2021-03-28 11:26:52,717 [main] INFO nopCommerce-BDD - Login Successful. Welcome to nopCommercer Site!
2021-03-28 11:26:52,721 [main] INFO nopCommerce-BDD - Logging out of the application. Good Bye.......
2021-03-28 13:38:47,724 [main] INFO nopCommerce-BDD - Edge Browser is used....
2021-03-28 13:38:47,760 [main] INFO nopCommerce-BDD - opening nopCommerce website.......
2021-03-28 13:39:12,365 [main] INFO nopCommerce-BDD - New customer added.......
2021-03-28 13:39:12,620 [main] INFO nopCommerce-BDD - Logging out of the application. Good Bye.......
2021-03-28 13:39:18,807 [main] INFO nopCommerce-BDD - Edge Browser is used....
2021-03-28 13:39:18,810 [main] INFO nopCommerce-BDD - opening nopCommerce website.......
2021-03-28 13:39:31,503 [main] INFO nopCommerce-BDD - Customer email Search was successful.......
2021-03-28 13:39:31,504 [main] INFO nopCommerce-BDD - Logging out of the application. Good Bye.......
2021-03-28 13:39:37,609 [main] INFO nopCommerce-BDD - Edge Browser is used....
2021-03-28 13:39:37,610 [main] INFO nopCommerce-BDD - opening nopCommerce website.......
2021-03-28 13:39:48,704 [main] INFO nopCommerce-BDD - Customer fname and lname Search was successful.......
2021-03-28 13:39:48,705 [main] INFO nopCommerce-BDD - Logging out of the application. Good Bye.......
2021-03-28 13:39:54,565 [main] INFO nopCommerce-BDD - Edge Browser is used....
2021-03-28 13:39:54,567 [main] INFO nopCommerce-BDD - opening nopCommerce website.......
2021-03-28 13:40:02,609 [main] INFO nopCommerce-BDD - Login Successful. Welcome to nopCommercer Site!
2021-03-28 13:40:02,616 [main] INFO nopCommerce-BDD - Logging out of the application. Good Bye.......
2021-03-28 13:40:08,618 [main] INFO nopCommerce-BDD - Edge Browser is used....
2021-03-28 13:40:08,619 [main] INFO nopCommerce-BDD - opening nopCommerce website.......
2021-03-28 13:40:14,830 [main] INFO nopCommerce-BDD - Login Successful. Welcome to nopCommercer Site!
2021-03-28 13:40:14,839 [main] INFO nopCommerce-BDD - Logging out of the application. Good Bye.......
2021-03-28 13:40:20,497 [main] INFO nopCommerce-BDD - Edge Browser is used....
2021-03-28 13:40:20,498 [main] INFO nopCommerce-BDD - opening nopCommerce website.......
2021-03-28 13:40:25,413 [main] INFO nopCommerce-BDD - Wrong credentials. Login Failed. Please Try again.......
2021-03-28 13:40:26,662 [main] INFO nopCommerce-BDD - Edge Browser is used....
2021-03-28 13:40:26,663 [main] INFO nopCommerce-BDD - opening nopCommerce website.......
2021-03-28 13:40:32,866 [main] INFO nopCommerce-BDD - Login Successful. Welcome to nopCommercer Site!
2021-03-28 13:40:32,870 [main] INFO nopCommerce-BDD - Logging out of the application. Good Bye.......
